<?xml version="1.0" encoding="UTF-8"?>
<!-- Generated by org.testng.reporters.JUnitXMLReporter -->
<testsuite ignored="7" hostname="DESKTOP-L48DKLF" failures="1" tests="12" name="ChromeTest" time="804.489" errors="0" timestamp="2024-06-16T19:50:04 IST">
  <testcase classname="test.AccountCreationTest" name="createAccount_ValidCred" time="16.355"/>
  <testcase classname="test.AccountCreationTest" name="createAccount_InValidCred" time="14.736"/>
  <testcase classname="test.SignInTest" name="signIn_ValidCred" time="7.6"/>
  <testcase classname="test.SignInTest" name="signIn_InValidCred" time="7.098"/>
  <testcase classname="test.BottomLinksTest" name="bottomLinkValidation" time="48.693"/>
  <testcase classname="test.MenuVaildationTest" name="validateMenu" time="53.438"/>
  <testcase classname="test.ProductSearchAndFilterTest" name="searchProduct" time="38.735"/>
  <testcase classname="test.ProductSearchAndFilterTest" name="searchProduct" time="39.737"/>
  <testcase classname="test.ProductSearchAndFilterTest" name="filterSearchResults" time="15.957"/>
  <testcase classname="test.OrderPlaceTest" name="placeOrder" time="97.472">
    <failure type="org.openqa.selenium.NoSuchElementException" message="no such element: Unable to locate element: {&amp;quot;method&amp;quot;:&amp;quot;xpath&amp;quot;,&amp;quot;selector&amp;quot;:&amp;quot;//div[@id=&amp;apos;cardError&amp;apos;]//p&amp;quot;}
  (Session info: chrome=125.0.6422.142)
For documentation on this error, please visit: https://www.selenium.dev/documentation/webdriver/troubleshooting/errors#no-such-element-exception
Build info: version: &amp;apos;4.20.0&amp;apos;, revision: &amp;apos;866c76ca80&amp;apos;
System info: os.name: &amp;apos;Windows 10&amp;apos;, os.arch: &amp;apos;amd64&amp;apos;, os.version: &amp;apos;10.0&amp;apos;, java.version: &amp;apos;17.0.10&amp;apos;
Driver info: org.openqa.selenium.chrome.ChromeDriver
Command: [e515140fc165194a75ef6f57c51949cb, findElement {value=//div[@id=&amp;apos;cardError&amp;apos;]//p, using=xpath}]
Capabilities {acceptInsecureCerts: false, browserName: chrome, browserVersion: 125.0.6422.142, chrome: {chromedriverVersion: 125.0.6422.141 (4b1e8393712..., userDataDir: C:\Users\Admin\AppData\Loca...}, fedcm:accounts: true, goog:chromeOptions: {debuggerAddress: localhost:54755}, networkConnectionEnabled: false, pageLoadStrategy: normal, platformName: windows, proxy: Proxy(), se:cdp: ws://localhost:54755/devtoo..., se:cdpVersion: 125.0.6422.142, setWindowRect: true, strictFileInteractability: false, timeouts: {implicit: 0, pageLoad: 300000, script: 30000}, unhandledPromptBehavior: dismiss and notify, webauthn:extension:credBlob: true, webauthn:extension:largeBlob: true, webauthn:extension:minPinLength: true, webauthn:extension:prf: true, webauthn:virtualAuthenticators: true}
Session ID: e515140fc165194a75ef6f57c51949cb">
      <![CDATA[org.openqa.selenium.NoSuchElementException: no such element: Unable to locate element: {"method":"xpath","selector":"//div[@id='cardError']//p"}
  (Session info: chrome=125.0.6422.142)
For documentation on this error, please visit: https://www.selenium.dev/documentation/webdriver/troubleshooting/errors#no-such-element-exception
Build info: version: '4.20.0', revision: '866c76ca80'
System info: os.name: 'Windows 10', os.arch: 'amd64', os.version: '10.0', java.version: '17.0.10'
Driver info: org.openqa.selenium.chrome.ChromeDriver
Command: [e515140fc165194a75ef6f57c51949cb, findElement {value=//div[@id='cardError']//p, using=xpath}]
Capabilities {acceptInsecureCerts: false, browserName: chrome, browserVersion: 125.0.6422.142, chrome: {chromedriverVersion: 125.0.6422.141 (4b1e8393712..., userDataDir: C:\Users\Admin\AppData\Loca...}, fedcm:accounts: true, goog:chromeOptions: {debuggerAddress: localhost:54755}, networkConnectionEnabled: false, pageLoadStrategy: normal, platformName: windows, proxy: Proxy(), se:cdp: ws://localhost:54755/devtoo..., se:cdpVersion: 125.0.6422.142, setWindowRect: true, strictFileInteractability: false, timeouts: {implicit: 0, pageLoad: 300000, script: 30000}, unhandledPromptBehavior: dismiss and notify, webauthn:extension:credBlob: true, webauthn:extension:largeBlob: true, webauthn:extension:minPinLength: true, webauthn:extension:prf: true, webauthn:virtualAuthenticators: true}
Session ID: e515140fc165194a75ef6f57c51949cb
at org.openqa.selenium.remote.ErrorCodec.decode(ErrorCodec.java:167)
at org.openqa.selenium.remote.codec.w3c.W3CHttpResponseCodec.decode(W3CHttpResponseCodec.java:138)
at org.openqa.selenium.remote.codec.w3c.W3CHttpResponseCodec.decode(W3CHttpResponseCodec.java:50)
at org.openqa.selenium.remote.HttpCommandExecutor.execute(HttpCommandExecutor.java:190)
at org.openqa.selenium.remote.service.DriverCommandExecutor.invokeExecute(DriverCommandExecutor.java:216)
at org.openqa.selenium.remote.service.DriverCommandExecutor.execute(DriverCommandExecutor.java:174)
at org.openqa.selenium.remote.RemoteWebDriver.execute(RemoteWebDriver.java:518)
at org.openqa.selenium.remote.ElementLocation$ElementFinder$2.findElement(ElementLocation.java:165)
at org.openqa.selenium.remote.ElementLocation.findElement(ElementLocation.java:59)
at org.openqa.selenium.remote.RemoteWebDriver.findElement(RemoteWebDriver.java:355)
at org.openqa.selenium.remote.RemoteWebDriver.findElement(RemoteWebDriver.java:349)
at test.OrderPlaceTest.placeOrder(OrderPlaceTest.java:43)
at java.base/java.util.ArrayList.forEach(ArrayList.java:1511)
... Removed 32 stack frames]]>
    </failure>
  </testcase> <!-- placeOrder -->
  <testcase classname="test.ByDepartmentSelectionTest" name="selectByDept" time="39.156"/>
  <testcase classname="test.ByBrandSelectionTest" name="selectByBrand" time="48.57"/>
  <testcase classname="base.ProjectSpecificationMethod" name="@BeforeSuite validateUrlConnection" time="0.0">
    <ignored/>
  </testcase> <!-- @BeforeSuite validateUrlConnection -->
  <testcase classname="base.ProjectSpecificationMethod" name="@BeforeSuite validateUrlConnection" time="0.0">
    <ignored/>
  </testcase> <!-- @BeforeSuite validateUrlConnection -->
  <testcase classname="base.ProjectSpecificationMethod" name="@BeforeSuite validateUrlConnection" time="0.0">
    <ignored/>
  </testcase> <!-- @BeforeSuite validateUrlConnection -->
  <testcase classname="base.ProjectSpecificationMethod" name="@BeforeSuite validateUrlConnection" time="0.0">
    <ignored/>
  </testcase> <!-- @BeforeSuite validateUrlConnection -->
  <testcase classname="base.ProjectSpecificationMethod" name="@BeforeSuite validateUrlConnection" time="0.0">
    <ignored/>
  </testcase> <!-- @BeforeSuite validateUrlConnection -->
  <testcase classname="base.ProjectSpecificationMethod" name="@BeforeSuite validateUrlConnection" time="0.0">
    <ignored/>
  </testcase> <!-- @BeforeSuite validateUrlConnection -->
  <testcase classname="base.ProjectSpecificationMethod" name="@BeforeSuite validateUrlConnection" time="0.0">
    <ignored/>
  </testcase> <!-- @BeforeSuite validateUrlConnection -->
</testsuite> <!-- ChromeTest -->
