<?xml version="1.0" encoding="UTF-8"?>
<!-- Generated by org.testng.reporters.JUnitXMLReporter -->
<testsuite ignored="7" hostname="DESKTOP-L48DKLF" failures="3" tests="12" name="FirefoxTest" time="814.52" errors="0" timestamp="2024-06-16T20:03:39 IST">
  <testcase classname="test.AccountCreationTest" name="createAccount_ValidCred" time="15.001"/>
  <testcase classname="test.AccountCreationTest" name="createAccount_InValidCred" time="16.625"/>
  <testcase classname="test.SignInTest" name="signIn_ValidCred" time="7.843"/>
  <testcase classname="test.SignInTest" name="signIn_InValidCred" time="7.126"/>
  <testcase classname="test.BottomLinksTest" name="bottomLinkValidation" time="49.814"/>
  <testcase classname="test.MenuVaildationTest" name="validateMenu" time="53.82"/>
  <testcase classname="test.ProductSearchAndFilterTest" name="searchProduct" time="23.661">
    <failure type="org.openqa.selenium.NoSuchElementException" message="Unable to locate element: //a[@href=&amp;apos;/site/apple-airpods-3rd-generation-with-lightning-charging-case-white/6376551.p?skuId=6376551&amp;apos;]/ancestor::div[@class=&amp;apos;column-middle&amp;apos;]/following-sibling::div//button[contains(@class,&amp;apos;add-to-cart-button&amp;apos;)]
For documentation on this error, please visit: https://www.selenium.dev/documentation/webdriver/troubleshooting/errors#no-such-element-exception
Build info: version: &amp;apos;4.20.0&amp;apos;, revision: &amp;apos;866c76ca80&amp;apos;
System info: os.name: &amp;apos;Windows 10&amp;apos;, os.arch: &amp;apos;amd64&amp;apos;, os.version: &amp;apos;10.0&amp;apos;, java.version: &amp;apos;17.0.10&amp;apos;
Driver info: org.openqa.selenium.firefox.FirefoxDriver
Command: [efef6a7b-c316-47ed-92cc-4c2490551863, findElement {value=//a[@href=&amp;apos;/site/apple-airpods-3rd-generation-with-lightning-charging-case-white/6376551.p?skuId=6376551&amp;apos;]/ancestor::div[@class=&amp;apos;column-middle&amp;apos;]/following-sibling::div//button[contains(@class,&amp;apos;add-to-cart-button&amp;apos;)], using=xpath}]
Capabilities {acceptInsecureCerts: true, browserName: firefox, browserVersion: 127.0, moz:accessibilityChecks: false, moz:buildID: 20240606181944, moz:debuggerAddress: 127.0.0.1:26541, moz:geckodriverVersion: 0.34.0, moz:headless: false, moz:platformVersion: 10.0, moz:processID: 9548, moz:profile: C:\Users\Admin\AppData\Loca..., moz:shutdownTimeout: 60000, moz:webdriverClick: true, moz:windowless: false, pageLoadStrategy: normal, platformName: windows, proxy: Proxy(), se:cdp: ws://127.0.0.1:26541/devtoo..., se:cdpVersion: 85.0, setWindowRect: true, strictFileInteractability: false, timeouts: {implicit: 0, pageLoad: 300000, script: 30000}, unhandledPromptBehavior: dismiss and notify, userAgent: Mozilla/5.0 (Windows NT 10....}
Session ID: efef6a7b-c316-47ed-92cc-4c2490551863">
      <![CDATA[org.openqa.selenium.NoSuchElementException: Unable to locate element: //a[@href='/site/apple-airpods-3rd-generation-with-lightning-charging-case-white/6376551.p?skuId=6376551']/ancestor::div[@class='column-middle']/following-sibling::div//button[contains(@class,'add-to-cart-button')]
For documentation on this error, please visit: https://www.selenium.dev/documentation/webdriver/troubleshooting/errors#no-such-element-exception
Build info: version: '4.20.0', revision: '866c76ca80'
System info: os.name: 'Windows 10', os.arch: 'amd64', os.version: '10.0', java.version: '17.0.10'
Driver info: org.openqa.selenium.firefox.FirefoxDriver
Command: [efef6a7b-c316-47ed-92cc-4c2490551863, findElement {value=//a[@href='/site/apple-airpods-3rd-generation-with-lightning-charging-case-white/6376551.p?skuId=6376551']/ancestor::div[@class='column-middle']/following-sibling::div//button[contains(@class,'add-to-cart-button')], using=xpath}]
Capabilities {acceptInsecureCerts: true, browserName: firefox, browserVersion: 127.0, moz:accessibilityChecks: false, moz:buildID: 20240606181944, moz:debuggerAddress: 127.0.0.1:26541, moz:geckodriverVersion: 0.34.0, moz:headless: false, moz:platformVersion: 10.0, moz:processID: 9548, moz:profile: C:\Users\Admin\AppData\Loca..., moz:shutdownTimeout: 60000, moz:webdriverClick: true, moz:windowless: false, pageLoadStrategy: normal, platformName: windows, proxy: Proxy(), se:cdp: ws://127.0.0.1:26541/devtoo..., se:cdpVersion: 85.0, setWindowRect: true, strictFileInteractability: false, timeouts: {implicit: 0, pageLoad: 300000, script: 30000}, unhandledPromptBehavior: dismiss and notify, userAgent: Mozilla/5.0 (Windows NT 10....}
Session ID: efef6a7b-c316-47ed-92cc-4c2490551863
at org.openqa.selenium.remote.ErrorCodec.decode(ErrorCodec.java:167)
at org.openqa.selenium.remote.codec.w3c.W3CHttpResponseCodec.decode(W3CHttpResponseCodec.java:138)
at org.openqa.selenium.remote.codec.w3c.W3CHttpResponseCodec.decode(W3CHttpResponseCodec.java:50)
at org.openqa.selenium.remote.HttpCommandExecutor.execute(HttpCommandExecutor.java:190)
at org.openqa.selenium.remote.service.DriverCommandExecutor.invokeExecute(DriverCommandExecutor.java:216)
at org.openqa.selenium.remote.service.DriverCommandExecutor.execute(DriverCommandExecutor.java:174)
at org.openqa.selenium.remote.RemoteWebDriver.execute(RemoteWebDriver.java:518)
at org.openqa.selenium.remote.ElementLocation$ElementFinder$2.findElement(ElementLocation.java:165)
at org.openqa.selenium.remote.ElementLocation.findElement(ElementLocation.java:59)
at org.openqa.selenium.remote.RemoteWebDriver.findElement(RemoteWebDriver.java:355)
at org.openqa.selenium.remote.RemoteWebDriver.findElement(RemoteWebDriver.java:349)
at pages.SearchAndFilterPage.searchItem(SearchAndFilterPage.java:44)
at test.ProductSearchAndFilterTest.searchProduct(ProductSearchAndFilterTest.java:15)
at java.base/java.util.ArrayList.forEach(ArrayList.java:1511)
... Removed 32 stack frames]]>
    </failure>
  </testcase> <!-- searchProduct -->
  <testcase classname="test.ProductSearchAndFilterTest" name="searchProduct" time="30.399">
    <failure type="org.openqa.selenium.ElementNotInteractableException" message="Element &amp;lt;a class=&amp;quot;c-button-link go-to-cart&amp;quot; href=&amp;quot;/cart&amp;quot;&amp;gt; could not be scrolled into view
Build info: version: &amp;apos;4.20.0&amp;apos;, revision: &amp;apos;866c76ca80&amp;apos;
System info: os.name: &amp;apos;Windows 10&amp;apos;, os.arch: &amp;apos;amd64&amp;apos;, os.version: &amp;apos;10.0&amp;apos;, java.version: &amp;apos;17.0.10&amp;apos;
Driver info: org.openqa.selenium.firefox.FirefoxDriver
Command: [2766bc05-50c6-4392-af2d-82e2bc9e82fa, clickElement {id=6e8ea5f9-ce69-4393-96ab-30613635c55e}]
Capabilities {acceptInsecureCerts: true, browserName: firefox, browserVersion: 127.0, moz:accessibilityChecks: false, moz:buildID: 20240606181944, moz:debuggerAddress: 127.0.0.1:13527, moz:geckodriverVersion: 0.34.0, moz:headless: false, moz:platformVersion: 10.0, moz:processID: 17772, moz:profile: C:\Users\Admin\AppData\Loca..., moz:shutdownTimeout: 60000, moz:webdriverClick: true, moz:windowless: false, pageLoadStrategy: normal, platformName: windows, proxy: Proxy(), se:cdp: ws://127.0.0.1:13527/devtoo..., se:cdpVersion: 85.0, setWindowRect: true, strictFileInteractability: false, timeouts: {implicit: 0, pageLoad: 300000, script: 30000}, unhandledPromptBehavior: dismiss and notify, userAgent: Mozilla/5.0 (Windows NT 10....}
Element: [[FirefoxDriver: firefox on windows (2766bc05-50c6-4392-af2d-82e2bc9e82fa)] -&amp;gt; xpath: //a[contains(@class,&amp;apos;go-to-cart&amp;apos;)]]
Session ID: 2766bc05-50c6-4392-af2d-82e2bc9e82fa">
      <![CDATA[org.openqa.selenium.ElementNotInteractableException: Element <a class="c-button-link go-to-cart" href="/cart"> could not be scrolled into view
Build info: version: '4.20.0', revision: '866c76ca80'
System info: os.name: 'Windows 10', os.arch: 'amd64', os.version: '10.0', java.version: '17.0.10'
Driver info: org.openqa.selenium.firefox.FirefoxDriver
Command: [2766bc05-50c6-4392-af2d-82e2bc9e82fa, clickElement {id=6e8ea5f9-ce69-4393-96ab-30613635c55e}]
Capabilities {acceptInsecureCerts: true, browserName: firefox, browserVersion: 127.0, moz:accessibilityChecks: false, moz:buildID: 20240606181944, moz:debuggerAddress: 127.0.0.1:13527, moz:geckodriverVersion: 0.34.0, moz:headless: false, moz:platformVersion: 10.0, moz:processID: 17772, moz:profile: C:\Users\Admin\AppData\Loca..., moz:shutdownTimeout: 60000, moz:webdriverClick: true, moz:windowless: false, pageLoadStrategy: normal, platformName: windows, proxy: Proxy(), se:cdp: ws://127.0.0.1:13527/devtoo..., se:cdpVersion: 85.0, setWindowRect: true, strictFileInteractability: false, timeouts: {implicit: 0, pageLoad: 300000, script: 30000}, unhandledPromptBehavior: dismiss and notify, userAgent: Mozilla/5.0 (Windows NT 10....}
Element: [[FirefoxDriver: firefox on windows (2766bc05-50c6-4392-af2d-82e2bc9e82fa)] -> xpath: //a[contains(@class,'go-to-cart')]]
Session ID: 2766bc05-50c6-4392-af2d-82e2bc9e82fa
at org.openqa.selenium.remote.ErrorCodec.decode(ErrorCodec.java:167)
at org.openqa.selenium.remote.codec.w3c.W3CHttpResponseCodec.decode(W3CHttpResponseCodec.java:138)
at org.openqa.selenium.remote.codec.w3c.W3CHttpResponseCodec.decode(W3CHttpResponseCodec.java:50)
at org.openqa.selenium.remote.HttpCommandExecutor.execute(HttpCommandExecutor.java:190)
at org.openqa.selenium.remote.service.DriverCommandExecutor.invokeExecute(DriverCommandExecutor.java:216)
at org.openqa.selenium.remote.service.DriverCommandExecutor.execute(DriverCommandExecutor.java:174)
at org.openqa.selenium.remote.RemoteWebDriver.execute(RemoteWebDriver.java:518)
at org.openqa.selenium.remote.RemoteWebElement.execute(RemoteWebElement.java:223)
at org.openqa.selenium.remote.RemoteWebElement.click(RemoteWebElement.java:76)
at org.openqa.selenium.support.pagefactory.internal.LocatingElementHandler.invoke(LocatingElementHandler.java:51)
at jdk.proxy2/jdk.proxy2.$Proxy20.click(Unknown Source)
at pages.SearchAndFilterPage.searchItem(SearchAndFilterPage.java:52)
at test.ProductSearchAndFilterTest.searchProduct(ProductSearchAndFilterTest.java:15)
at java.base/java.util.ArrayList.forEach(ArrayList.java:1511)
... Removed 35 stack frames]]>
    </failure>
  </testcase> <!-- searchProduct -->
  <testcase classname="test.ProductSearchAndFilterTest" name="filterSearchResults" time="15.04"/>
  <testcase classname="test.OrderPlaceTest" name="placeOrder" time="77.695">
    <failure type="org.openqa.selenium.NoSuchElementException" message="Unable to locate element: //div[@id=&amp;apos;cardError&amp;apos;]//p
For documentation on this error, please visit: https://www.selenium.dev/documentation/webdriver/troubleshooting/errors#no-such-element-exception
Build info: version: &amp;apos;4.20.0&amp;apos;, revision: &amp;apos;866c76ca80&amp;apos;
System info: os.name: &amp;apos;Windows 10&amp;apos;, os.arch: &amp;apos;amd64&amp;apos;, os.version: &amp;apos;10.0&amp;apos;, java.version: &amp;apos;17.0.10&amp;apos;
Driver info: org.openqa.selenium.firefox.FirefoxDriver
Command: [0dfa6565-1a50-40b0-a7aa-bfe342dc945b, findElement {value=//div[@id=&amp;apos;cardError&amp;apos;]//p, using=xpath}]
Capabilities {acceptInsecureCerts: true, browserName: firefox, browserVersion: 127.0, moz:accessibilityChecks: false, moz:buildID: 20240606181944, moz:debuggerAddress: 127.0.0.1:45307, moz:geckodriverVersion: 0.34.0, moz:headless: false, moz:platformVersion: 10.0, moz:processID: 14332, moz:profile: C:\Users\Admin\AppData\Loca..., moz:shutdownTimeout: 60000, moz:webdriverClick: true, moz:windowless: false, pageLoadStrategy: normal, platformName: windows, proxy: Proxy(), se:cdp: ws://127.0.0.1:45307/devtoo..., se:cdpVersion: 85.0, setWindowRect: true, strictFileInteractability: false, timeouts: {implicit: 0, pageLoad: 300000, script: 30000}, unhandledPromptBehavior: dismiss and notify, userAgent: Mozilla/5.0 (Windows NT 10....}
Session ID: 0dfa6565-1a50-40b0-a7aa-bfe342dc945b">
      <![CDATA[org.openqa.selenium.NoSuchElementException: Unable to locate element: //div[@id='cardError']//p
For documentation on this error, please visit: https://www.selenium.dev/documentation/webdriver/troubleshooting/errors#no-such-element-exception
Build info: version: '4.20.0', revision: '866c76ca80'
System info: os.name: 'Windows 10', os.arch: 'amd64', os.version: '10.0', java.version: '17.0.10'
Driver info: org.openqa.selenium.firefox.FirefoxDriver
Command: [0dfa6565-1a50-40b0-a7aa-bfe342dc945b, findElement {value=//div[@id='cardError']//p, using=xpath}]
Capabilities {acceptInsecureCerts: true, browserName: firefox, browserVersion: 127.0, moz:accessibilityChecks: false, moz:buildID: 20240606181944, moz:debuggerAddress: 127.0.0.1:45307, moz:geckodriverVersion: 0.34.0, moz:headless: false, moz:platformVersion: 10.0, moz:processID: 14332, moz:profile: C:\Users\Admin\AppData\Loca..., moz:shutdownTimeout: 60000, moz:webdriverClick: true, moz:windowless: false, pageLoadStrategy: normal, platformName: windows, proxy: Proxy(), se:cdp: ws://127.0.0.1:45307/devtoo..., se:cdpVersion: 85.0, setWindowRect: true, strictFileInteractability: false, timeouts: {implicit: 0, pageLoad: 300000, script: 30000}, unhandledPromptBehavior: dismiss and notify, userAgent: Mozilla/5.0 (Windows NT 10....}
Session ID: 0dfa6565-1a50-40b0-a7aa-bfe342dc945b
at org.openqa.selenium.remote.ErrorCodec.decode(ErrorCodec.java:167)
at org.openqa.selenium.remote.codec.w3c.W3CHttpResponseCodec.decode(W3CHttpResponseCodec.java:138)
at org.openqa.selenium.remote.codec.w3c.W3CHttpResponseCodec.decode(W3CHttpResponseCodec.java:50)
at org.openqa.selenium.remote.HttpCommandExecutor.execute(HttpCommandExecutor.java:190)
at org.openqa.selenium.remote.service.DriverCommandExecutor.invokeExecute(DriverCommandExecutor.java:216)
at org.openqa.selenium.remote.service.DriverCommandExecutor.execute(DriverCommandExecutor.java:174)
at org.openqa.selenium.remote.RemoteWebDriver.execute(RemoteWebDriver.java:518)
at org.openqa.selenium.remote.ElementLocation$ElementFinder$2.findElement(ElementLocation.java:165)
at org.openqa.selenium.remote.ElementLocation.findElement(ElementLocation.java:59)
at org.openqa.selenium.remote.RemoteWebDriver.findElement(RemoteWebDriver.java:355)
at org.openqa.selenium.remote.RemoteWebDriver.findElement(RemoteWebDriver.java:349)
at test.OrderPlaceTest.placeOrder(OrderPlaceTest.java:43)
at java.base/java.util.ArrayList.forEach(ArrayList.java:1511)
... Removed 32 stack frames]]>
    </failure>
  </testcase> <!-- placeOrder -->
  <testcase classname="test.ByDepartmentSelectionTest" name="selectByDept" time="44.416"/>
  <testcase classname="test.ByBrandSelectionTest" name="selectByBrand" time="54.328"/>
  <testcase classname="base.ProjectSpecificationMethod" name="@BeforeSuite validateUrlConnection" time="0.0">
    <ignored/>
  </testcase> <!-- @BeforeSuite validateUrlConnection -->
  <testcase classname="base.ProjectSpecificationMethod" name="@BeforeSuite validateUrlConnection" time="0.0">
    <ignored/>
  </testcase> <!-- @BeforeSuite validateUrlConnection -->
  <testcase classname="base.ProjectSpecificationMethod" name="@BeforeSuite validateUrlConnection" time="0.0">
    <ignored/>
  </testcase> <!-- @BeforeSuite validateUrlConnection -->
  <testcase classname="base.ProjectSpecificationMethod" name="@BeforeSuite validateUrlConnection" time="0.0">
    <ignored/>
  </testcase> <!-- @BeforeSuite validateUrlConnection -->
  <testcase classname="base.ProjectSpecificationMethod" name="@BeforeSuite validateUrlConnection" time="0.0">
    <ignored/>
  </testcase> <!-- @BeforeSuite validateUrlConnection -->
  <testcase classname="base.ProjectSpecificationMethod" name="@BeforeSuite validateUrlConnection" time="0.0">
    <ignored/>
  </testcase> <!-- @BeforeSuite validateUrlConnection -->
  <testcase classname="base.ProjectSpecificationMethod" name="@BeforeSuite validateUrlConnection" time="0.0">
    <ignored/>
  </testcase> <!-- @BeforeSuite validateUrlConnection -->
</testsuite> <!-- FirefoxTest -->
