<?xml version="1.0" encoding="UTF-8"?>
<!-- Generated by org.testng.reporters.JUnitXMLReporter -->
<testsuite ignored="7" hostname="DESKTOP-L48DKLF" failures="2" tests="12" name="Test" time="831.487" errors="0" timestamp="2024-06-16T19:33:42 IST">
  <testcase classname="test.AccountCreationTest" name="createAccount_ValidCred" time="15.908"/>
  <testcase classname="test.AccountCreationTest" name="createAccount_InValidCred" time="14.293"/>
  <testcase classname="test.SignInTest" name="signIn_ValidCred" time="10.223"/>
  <testcase classname="test.SignInTest" name="signIn_InValidCred" time="7.409"/>
  <testcase classname="test.BottomLinksTest" name="bottomLinkValidation" time="75.835"/>
  <testcase classname="test.MenuVaildationTest" name="validateMenu" time="46.724">
    <failure type="org.openqa.selenium.ElementClickInterceptedException" message="element click intercepted: Element &amp;lt;button class=&amp;quot;c-button-unstyled plButton d-flex justify-content-center align-items-center&amp;quot; type=&amp;quot;button&amp;quot; aria-expanded=&amp;quot;false&amp;quot; data-lid=&amp;quot;hdr_utility_more&amp;quot;&amp;gt;...&amp;lt;/button&amp;gt; is not clickable at point (731, 171). Other element would receive the click: &amp;lt;div id=&amp;quot;survey_blue_border&amp;quot; class=&amp;quot;modal-dialog modal-custom&amp;quot;&amp;gt;...&amp;lt;/div&amp;gt;
  (Session info: chrome=125.0.6422.142)
Build info: version: &amp;apos;4.20.0&amp;apos;, revision: &amp;apos;866c76ca80&amp;apos;
System info: os.name: &amp;apos;Windows 10&amp;apos;, os.arch: &amp;apos;amd64&amp;apos;, os.version: &amp;apos;10.0&amp;apos;, java.version: &amp;apos;17.0.10&amp;apos;
Driver info: org.openqa.selenium.chrome.ChromeDriver
Command: [8634bc8e2f08bda7c391dddcc04cf3dc, clickElement {id=f.E8C4891AC72711C0FB958AABBB136696.d.E40DC5CDBA342EEE75E67D6760BA59B9.e.13304}]
Capabilities {acceptInsecureCerts: false, browserName: chrome, browserVersion: 125.0.6422.142, chrome: {chromedriverVersion: 125.0.6422.141 (4b1e8393712..., userDataDir: C:\Users\Admin\AppData\Loca...}, fedcm:accounts: true, goog:chromeOptions: {debuggerAddress: localhost:49917}, networkConnectionEnabled: false, pageLoadStrategy: normal, platformName: windows, proxy: Proxy(), se:cdp: ws://localhost:49917/devtoo..., se:cdpVersion: 125.0.6422.142, setWindowRect: true, strictFileInteractability: false, timeouts: {implicit: 0, pageLoad: 300000, script: 30000}, unhandledPromptBehavior: dismiss and notify, webauthn:extension:credBlob: true, webauthn:extension:largeBlob: true, webauthn:extension:minPinLength: true, webauthn:extension:prf: true, webauthn:virtualAuthenticators: true}
Element: [[ChromeDriver: chrome on windows (8634bc8e2f08bda7c391dddcc04cf3dc)] -&amp;gt; xpath: //button[@data-lid=&amp;apos;hdr_utility_more&amp;apos;]]
Session ID: 8634bc8e2f08bda7c391dddcc04cf3dc">
      <![CDATA[org.openqa.selenium.ElementClickInterceptedException: element click intercepted: Element <button class="c-button-unstyled plButton d-flex justify-content-center align-items-center" type="button" aria-expanded="false" data-lid="hdr_utility_more">...</button> is not clickable at point (731, 171). Other element would receive the click: <div id="survey_blue_border" class="modal-dialog modal-custom">...</div>
  (Session info: chrome=125.0.6422.142)
Build info: version: '4.20.0', revision: '866c76ca80'
System info: os.name: 'Windows 10', os.arch: 'amd64', os.version: '10.0', java.version: '17.0.10'
Driver info: org.openqa.selenium.chrome.ChromeDriver
Command: [8634bc8e2f08bda7c391dddcc04cf3dc, clickElement {id=f.E8C4891AC72711C0FB958AABBB136696.d.E40DC5CDBA342EEE75E67D6760BA59B9.e.13304}]
Capabilities {acceptInsecureCerts: false, browserName: chrome, browserVersion: 125.0.6422.142, chrome: {chromedriverVersion: 125.0.6422.141 (4b1e8393712..., userDataDir: C:\Users\Admin\AppData\Loca...}, fedcm:accounts: true, goog:chromeOptions: {debuggerAddress: localhost:49917}, networkConnectionEnabled: false, pageLoadStrategy: normal, platformName: windows, proxy: Proxy(), se:cdp: ws://localhost:49917/devtoo..., se:cdpVersion: 125.0.6422.142, setWindowRect: true, strictFileInteractability: false, timeouts: {implicit: 0, pageLoad: 300000, script: 30000}, unhandledPromptBehavior: dismiss and notify, webauthn:extension:credBlob: true, webauthn:extension:largeBlob: true, webauthn:extension:minPinLength: true, webauthn:extension:prf: true, webauthn:virtualAuthenticators: true}
Element: [[ChromeDriver: chrome on windows (8634bc8e2f08bda7c391dddcc04cf3dc)] -> xpath: //button[@data-lid='hdr_utility_more']]
Session ID: 8634bc8e2f08bda7c391dddcc04cf3dc
at org.openqa.selenium.remote.ErrorCodec.decode(ErrorCodec.java:167)
at org.openqa.selenium.remote.codec.w3c.W3CHttpResponseCodec.decode(W3CHttpResponseCodec.java:138)
at org.openqa.selenium.remote.codec.w3c.W3CHttpResponseCodec.decode(W3CHttpResponseCodec.java:50)
at org.openqa.selenium.remote.HttpCommandExecutor.execute(HttpCommandExecutor.java:190)
at org.openqa.selenium.remote.service.DriverCommandExecutor.invokeExecute(DriverCommandExecutor.java:216)
at org.openqa.selenium.remote.service.DriverCommandExecutor.execute(DriverCommandExecutor.java:174)
at org.openqa.selenium.remote.RemoteWebDriver.execute(RemoteWebDriver.java:518)
at org.openqa.selenium.remote.RemoteWebElement.execute(RemoteWebElement.java:223)
at org.openqa.selenium.remote.RemoteWebElement.click(RemoteWebElement.java:76)
at org.openqa.selenium.support.pagefactory.internal.LocatingElementHandler.invoke(LocatingElementHandler.java:51)
at jdk.proxy2/jdk.proxy2.$Proxy20.click(Unknown Source)
at pages.MenuValidation.navigateEachMenu(MenuValidation.java:47)
at test.MenuVaildationTest.validateMenu(MenuVaildationTest.java:14)
at java.base/java.util.ArrayList.forEach(ArrayList.java:1511)
... Removed 35 stack frames]]>
    </failure>
  </testcase> <!-- validateMenu -->
  <testcase classname="test.ProductSearchAndFilterTest" name="searchProduct" time="34.724"/>
  <testcase classname="test.ProductSearchAndFilterTest" name="searchProduct" time="37.495"/>
  <testcase classname="test.ProductSearchAndFilterTest" name="filterSearchResults" time="17.829"/>
  <testcase classname="test.OrderPlaceTest" name="searchProduct" time="102.783"/>
  <testcase classname="test.ByDepartmentSelectionTest" name="selectByDept" time="1.199">
    <failure type="org.openqa.selenium.ElementClickInterceptedException" message="element click intercepted: Element &amp;lt;nav aria-label=&amp;quot;Main&amp;quot; class=&amp;quot;hamburger-menu&amp;quot;&amp;gt;...&amp;lt;/nav&amp;gt; is not clickable at point (199, 237). Other element would receive the click: &amp;lt;div id=&amp;quot;survey_window&amp;quot; class=&amp;quot;modal fade modal-open out&amp;quot; role=&amp;quot;dialog&amp;quot; style=&amp;quot;margin-top: 170px; display: block;&amp;quot;&amp;gt;...&amp;lt;/div&amp;gt;
  (Session info: chrome=125.0.6422.142)
Build info: version: &amp;apos;4.20.0&amp;apos;, revision: &amp;apos;866c76ca80&amp;apos;
System info: os.name: &amp;apos;Windows 10&amp;apos;, os.arch: &amp;apos;amd64&amp;apos;, os.version: &amp;apos;10.0&amp;apos;, java.version: &amp;apos;17.0.10&amp;apos;
Driver info: org.openqa.selenium.chrome.ChromeDriver
Command: [fceb83dfec5c25b1b50760ce54a0628a, clickElement {id=f.CCEC882696BB15172A333F26804C87C1.d.E05F933172F669A8503ECDB7D1146967.e.220}]
Capabilities {acceptInsecureCerts: false, browserName: chrome, browserVersion: 125.0.6422.142, chrome: {chromedriverVersion: 125.0.6422.141 (4b1e8393712..., userDataDir: C:\Users\Admin\AppData\Loca...}, fedcm:accounts: true, goog:chromeOptions: {debuggerAddress: localhost:51781}, networkConnectionEnabled: false, pageLoadStrategy: normal, platformName: windows, proxy: Proxy(), se:cdp: ws://localhost:51781/devtoo..., se:cdpVersion: 125.0.6422.142, setWindowRect: true, strictFileInteractability: false, timeouts: {implicit: 0, pageLoad: 300000, script: 30000}, unhandledPromptBehavior: dismiss and notify, webauthn:extension:credBlob: true, webauthn:extension:largeBlob: true, webauthn:extension:minPinLength: true, webauthn:extension:prf: true, webauthn:virtualAuthenticators: true}
Element: [[ChromeDriver: chrome on windows (fceb83dfec5c25b1b50760ce54a0628a)] -&amp;gt; css selector: .hamburger-menu]
Session ID: fceb83dfec5c25b1b50760ce54a0628a">
      <![CDATA[org.openqa.selenium.ElementClickInterceptedException: element click intercepted: Element <nav aria-label="Main" class="hamburger-menu">...</nav> is not clickable at point (199, 237). Other element would receive the click: <div id="survey_window" class="modal fade modal-open out" role="dialog" style="margin-top: 170px; display: block;">...</div>
  (Session info: chrome=125.0.6422.142)
Build info: version: '4.20.0', revision: '866c76ca80'
System info: os.name: 'Windows 10', os.arch: 'amd64', os.version: '10.0', java.version: '17.0.10'
Driver info: org.openqa.selenium.chrome.ChromeDriver
Command: [fceb83dfec5c25b1b50760ce54a0628a, clickElement {id=f.CCEC882696BB15172A333F26804C87C1.d.E05F933172F669A8503ECDB7D1146967.e.220}]
Capabilities {acceptInsecureCerts: false, browserName: chrome, browserVersion: 125.0.6422.142, chrome: {chromedriverVersion: 125.0.6422.141 (4b1e8393712..., userDataDir: C:\Users\Admin\AppData\Loca...}, fedcm:accounts: true, goog:chromeOptions: {debuggerAddress: localhost:51781}, networkConnectionEnabled: false, pageLoadStrategy: normal, platformName: windows, proxy: Proxy(), se:cdp: ws://localhost:51781/devtoo..., se:cdpVersion: 125.0.6422.142, setWindowRect: true, strictFileInteractability: false, timeouts: {implicit: 0, pageLoad: 300000, script: 30000}, unhandledPromptBehavior: dismiss and notify, webauthn:extension:credBlob: true, webauthn:extension:largeBlob: true, webauthn:extension:minPinLength: true, webauthn:extension:prf: true, webauthn:virtualAuthenticators: true}
Element: [[ChromeDriver: chrome on windows (fceb83dfec5c25b1b50760ce54a0628a)] -> css selector: .hamburger-menu]
Session ID: fceb83dfec5c25b1b50760ce54a0628a
at org.openqa.selenium.remote.ErrorCodec.decode(ErrorCodec.java:167)
at org.openqa.selenium.remote.codec.w3c.W3CHttpResponseCodec.decode(W3CHttpResponseCodec.java:138)
at org.openqa.selenium.remote.codec.w3c.W3CHttpResponseCodec.decode(W3CHttpResponseCodec.java:50)
at org.openqa.selenium.remote.HttpCommandExecutor.execute(HttpCommandExecutor.java:190)
at org.openqa.selenium.remote.service.DriverCommandExecutor.invokeExecute(DriverCommandExecutor.java:216)
at org.openqa.selenium.remote.service.DriverCommandExecutor.execute(DriverCommandExecutor.java:174)
at org.openqa.selenium.remote.RemoteWebDriver.execute(RemoteWebDriver.java:518)
at org.openqa.selenium.remote.RemoteWebElement.execute(RemoteWebElement.java:223)
at org.openqa.selenium.remote.RemoteWebElement.click(RemoteWebElement.java:76)
at org.openqa.selenium.support.pagefactory.internal.LocatingElementHandler.invoke(LocatingElementHandler.java:51)
at jdk.proxy2/jdk.proxy2.$Proxy20.click(Unknown Source)
at pages.SearchByDepartment.selectByDept(SearchByDepartment.java:29)
at test.ByDepartmentSelectionTest.selectByDept(ByDepartmentSelectionTest.java:15)
at java.base/java.util.ArrayList.forEach(ArrayList.java:1511)
... Removed 35 stack frames]]>
    </failure>
  </testcase> <!-- selectByDept -->
  <testcase classname="test.ByBrandSelectionTest" name="selectByBrand" time="63.05"/>
  <testcase classname="base.ProjectSpecificationMethod" name="@BeforeSuite validateUrlConnection" time="0.0">
    <ignored/>
  </testcase> <!-- @BeforeSuite validateUrlConnection -->
  <testcase classname="base.ProjectSpecificationMethod" name="@BeforeSuite validateUrlConnection" time="0.0">
    <ignored/>
  </testcase> <!-- @BeforeSuite validateUrlConnection -->
  <testcase classname="base.ProjectSpecificationMethod" name="@BeforeSuite validateUrlConnection" time="0.0">
    <ignored/>
  </testcase> <!-- @BeforeSuite validateUrlConnection -->
  <testcase classname="base.ProjectSpecificationMethod" name="@BeforeSuite validateUrlConnection" time="0.0">
    <ignored/>
  </testcase> <!-- @BeforeSuite validateUrlConnection -->
  <testcase classname="base.ProjectSpecificationMethod" name="@BeforeSuite validateUrlConnection" time="0.0">
    <ignored/>
  </testcase> <!-- @BeforeSuite validateUrlConnection -->
  <testcase classname="base.ProjectSpecificationMethod" name="@BeforeSuite validateUrlConnection" time="0.0">
    <ignored/>
  </testcase> <!-- @BeforeSuite validateUrlConnection -->
  <testcase classname="base.ProjectSpecificationMethod" name="@BeforeSuite validateUrlConnection" time="0.0">
    <ignored/>
  </testcase> <!-- @BeforeSuite validateUrlConnection -->
</testsuite> <!-- Test -->
